
=================================================================
==61276==ERROR: LeakSanitizer: detected memory leaks

Direct leak of 304384 byte(s) in 1189 object(s) allocated from:
    #0 0x5632a5471a65  (/home/admin/Projects/rat/build/debug/rat+0x1cba65) (BuildId: 80e4453d983e7bb428f31659b18a3156df9e834a)
    #1 0x7fb1b6765c79  (/usr/lib/libfontconfig.so.1+0x3bc79) (BuildId: 62bc9b09e5c7a89697d47d567b302e14fb4c3338)

Direct leak of 768 byte(s) in 1 object(s) allocated from:
    #0 0x5632a5470c35  (/home/admin/Projects/rat/build/debug/rat+0x1cac35) (BuildId: 80e4453d983e7bb428f31659b18a3156df9e834a)
    #1 0x7fb1b6765d58  (/usr/lib/libfontconfig.so.1+0x3bd58) (BuildId: 62bc9b09e5c7a89697d47d567b302e14fb4c3338)

Direct leak of 512 byte(s) in 1 object(s) allocated from:
    #0 0x5632a5470c35  (/home/admin/Projects/rat/build/debug/rat+0x1cac35) (BuildId: 80e4453d983e7bb428f31659b18a3156df9e834a)
    #1 0x7fb1b6765d58  (/usr/lib/libfontconfig.so.1+0x3bd58) (BuildId: 62bc9b09e5c7a89697d47d567b302e14fb4c3338)
    #2 0x7fb1b6d2e7c4  (/usr/lib/libpangocairo-1.0.so.0+0x67c4) (BuildId: 0fd004f79c929a5605b8c05b0e6fb07ce83225fa)

Direct leak of 192 byte(s) in 2 object(s) allocated from:
    #0 0x5632a5471dfd  (/home/admin/Projects/rat/build/debug/rat+0x1cbdfd) (BuildId: 80e4453d983e7bb428f31659b18a3156df9e834a)
    #1 0x7fb1b6d0df5f  (/usr/lib/libwayland-client.so.0+0x5f5f) (BuildId: 8ffae187c8757c297c0c5f18f21dac37f3d946bd)

Direct leak of 90 byte(s) in 2 object(s) allocated from:
    #0 0x5632a5471a65  (/home/admin/Projects/rat/build/debug/rat+0x1cba65) (BuildId: 80e4453d983e7bb428f31659b18a3156df9e834a)
    #1 0x7bb1b40fcd22  (/usr/lib/libglib-2.0.so.0+0x75d22) (BuildId: 3d3fbd27c9c6db21ad0e85bcbc49adbe004232cb)

Indirect leak of 299136 byte(s) in 9348 object(s) allocated from:
    #0 0x5632a5471dfd  (/home/admin/Projects/rat/build/debug/rat+0x1cbdfd) (BuildId: 80e4453d983e7bb428f31659b18a3156df9e834a)
    #1 0x7fb1b67670ed  (/usr/lib/libfontconfig.so.1+0x3d0ed) (BuildId: 62bc9b09e5c7a89697d47d567b302e14fb4c3338)

Indirect leak of 54518 byte(s) in 4460 object(s) allocated from:
    #0 0x5632a546b062  (/home/admin/Projects/rat/build/debug/rat+0x1c5062) (BuildId: 80e4453d983e7bb428f31659b18a3156df9e834a)
    #1 0x7fb1b6765052  (/usr/lib/libfontconfig.so.1+0x3b052) (BuildId: 62bc9b09e5c7a89697d47d567b302e14fb4c3338)
    #2 0x7fb1b6767100  (/usr/lib/libfontconfig.so.1+0x3d100) (BuildId: 62bc9b09e5c7a89697d47d567b302e14fb4c3338)

Indirect leak of 3424 byte(s) in 107 object(s) allocated from:
    #0 0x5632a5471a65  (/home/admin/Projects/rat/build/debug/rat+0x1cba65) (BuildId: 80e4453d983e7bb428f31659b18a3156df9e834a)
    #1 0x7fb1b67326d0  (/usr/lib/libfontconfig.so.1+0x86d0) (BuildId: 62bc9b09e5c7a89697d47d567b302e14fb4c3338)

Indirect leak of 1210 byte(s) in 92 object(s) allocated from:
    #0 0x5632a546b062  (/home/admin/Projects/rat/build/debug/rat+0x1c5062) (BuildId: 80e4453d983e7bb428f31659b18a3156df9e834a)
    #1 0x7fb1b6765052  (/usr/lib/libfontconfig.so.1+0x3b052) (BuildId: 62bc9b09e5c7a89697d47d567b302e14fb4c3338)
    #2 0x7fb1b6731e21  (/usr/lib/libfontconfig.so.1+0x7e21) (BuildId: 62bc9b09e5c7a89697d47d567b302e14fb4c3338)
    #3 0x7fb1b6732731  (/usr/lib/libfontconfig.so.1+0x8731) (BuildId: 62bc9b09e5c7a89697d47d567b302e14fb4c3338)

Indirect leak of 800 byte(s) in 25 object(s) allocated from:
    #0 0x5632a5471dfd  (/home/admin/Projects/rat/build/debug/rat+0x1cbdfd) (BuildId: 80e4453d983e7bb428f31659b18a3156df9e834a)
    #1 0x7fb1b6767268  (/usr/lib/libfontconfig.so.1+0x3d268) (BuildId: 62bc9b09e5c7a89697d47d567b302e14fb4c3338)

Indirect leak of 384 byte(s) in 12 object(s) allocated from:
    #0 0x5632a5471dfd  (/home/admin/Projects/rat/build/debug/rat+0x1cbdfd) (BuildId: 80e4453d983e7bb428f31659b18a3156df9e834a)
    #1 0x7fb1b676544a  (/usr/lib/libfontconfig.so.1+0x3b44a) (BuildId: 62bc9b09e5c7a89697d47d567b302e14fb4c3338)
    #2 0x7fb1b675598c  (/usr/lib/libfontconfig.so.1+0x2b98c) (BuildId: 62bc9b09e5c7a89697d47d567b302e14fb4c3338)

Indirect leak of 384 byte(s) in 12 object(s) allocated from:
    #0 0x5632a5471dfd  (/home/admin/Projects/rat/build/debug/rat+0x1cbdfd) (BuildId: 80e4453d983e7bb428f31659b18a3156df9e834a)
    #1 0x7fb1b676544a  (/usr/lib/libfontconfig.so.1+0x3b44a) (BuildId: 62bc9b09e5c7a89697d47d567b302e14fb4c3338)
    #2 0x7fb1b675590a  (/usr/lib/libfontconfig.so.1+0x2b90a) (BuildId: 62bc9b09e5c7a89697d47d567b302e14fb4c3338)

Indirect leak of 192 byte(s) in 6 object(s) allocated from:
    #0 0x5632a5471dfd  (/home/admin/Projects/rat/build/debug/rat+0x1cbdfd) (BuildId: 80e4453d983e7bb428f31659b18a3156df9e834a)
    #1 0x7fb1b6765169  (/usr/lib/libfontconfig.so.1+0x3b169) (BuildId: 62bc9b09e5c7a89697d47d567b302e14fb4c3338)

Indirect leak of 160 byte(s) in 10 object(s) allocated from:
    #0 0x5632a5471a65  (/home/admin/Projects/rat/build/debug/rat+0x1cba65) (BuildId: 80e4453d983e7bb428f31659b18a3156df9e834a)
    #1 0x7fb1b676501e  (/usr/lib/libfontconfig.so.1+0x3b01e) (BuildId: 62bc9b09e5c7a89697d47d567b302e14fb4c3338)
    #2 0x7fb1b6767100  (/usr/lib/libfontconfig.so.1+0x3d100) (BuildId: 62bc9b09e5c7a89697d47d567b302e14fb4c3338)

Indirect leak of 84 byte(s) in 8 object(s) allocated from:
    #0 0x5632a546b062  (/home/admin/Projects/rat/build/debug/rat+0x1c5062) (BuildId: 80e4453d983e7bb428f31659b18a3156df9e834a)
    #1 0x7fb1b6765052  (/usr/lib/libfontconfig.so.1+0x3b052) (BuildId: 62bc9b09e5c7a89697d47d567b302e14fb4c3338)
    #2 0x7fb1b6731e21  (/usr/lib/libfontconfig.so.1+0x7e21) (BuildId: 62bc9b09e5c7a89697d47d567b302e14fb4c3338)
    #3 0x7fb1b67326f4  (/usr/lib/libfontconfig.so.1+0x86f4) (BuildId: 62bc9b09e5c7a89697d47d567b302e14fb4c3338)

Indirect leak of 77 byte(s) in 5 object(s) allocated from:
    #0 0x5632a546b062  (/home/admin/Projects/rat/build/debug/rat+0x1c5062) (BuildId: 80e4453d983e7bb428f31659b18a3156df9e834a)
    #1 0x7fb1b67655af  (/usr/lib/libfontconfig.so.1+0x3b5af) (BuildId: 62bc9b09e5c7a89697d47d567b302e14fb4c3338)
    #2 0x7fb1b675590a  (/usr/lib/libfontconfig.so.1+0x2b90a) (BuildId: 62bc9b09e5c7a89697d47d567b302e14fb4c3338)

Indirect leak of 64 byte(s) in 2 object(s) allocated from:
    #0 0x5632a5471dfd  (/home/admin/Projects/rat/build/debug/rat+0x1cbdfd) (BuildId: 80e4453d983e7bb428f31659b18a3156df9e834a)
    #1 0x7fb1b67683fb  (/usr/lib/libfontconfig.so.1+0x3e3fb) (BuildId: 62bc9b09e5c7a89697d47d567b302e14fb4c3338)

Indirect leak of 50 byte(s) in 8 object(s) allocated from:
    #0 0x5632a546b062  (/home/admin/Projects/rat/build/debug/rat+0x1c5062) (BuildId: 80e4453d983e7bb428f31659b18a3156df9e834a)
    #1 0x7fb1b6765052  (/usr/lib/libfontconfig.so.1+0x3b052) (BuildId: 62bc9b09e5c7a89697d47d567b302e14fb4c3338)
    #2 0x7fb1b676727b  (/usr/lib/libfontconfig.so.1+0x3d27b) (BuildId: 62bc9b09e5c7a89697d47d567b302e14fb4c3338)

Indirect leak of 48 byte(s) in 1 object(s) allocated from:
    #0 0x5632a5471a65  (/home/admin/Projects/rat/build/debug/rat+0x1cba65) (BuildId: 80e4453d983e7bb428f31659b18a3156df9e834a)
    #1 0x7fb1b674b62b  (/usr/lib/libfontconfig.so.1+0x2162b) (BuildId: 62bc9b09e5c7a89697d47d567b302e14fb4c3338)
    #2 0x7fb1b6764fd3  (/usr/lib/libfontconfig.so.1+0x3afd3) (BuildId: 62bc9b09e5c7a89697d47d567b302e14fb4c3338)
    #3 0x7fb1b6767100  (/usr/lib/libfontconfig.so.1+0x3d100) (BuildId: 62bc9b09e5c7a89697d47d567b302e14fb4c3338)

Indirect leak of 40 byte(s) in 5 object(s) allocated from:
    #0 0x5632a546b062  (/home/admin/Projects/rat/build/debug/rat+0x1c5062) (BuildId: 80e4453d983e7bb428f31659b18a3156df9e834a)
    #1 0x7fb1b6765052  (/usr/lib/libfontconfig.so.1+0x3b052) (BuildId: 62bc9b09e5c7a89697d47d567b302e14fb4c3338)
    #2 0x7fb1b676517f  (/usr/lib/libfontconfig.so.1+0x3b17f) (BuildId: 62bc9b09e5c7a89697d47d567b302e14fb4c3338)

Indirect leak of 32 byte(s) in 1 object(s) allocated from:
    #0 0x5632a5471dfd  (/home/admin/Projects/rat/build/debug/rat+0x1cbdfd) (BuildId: 80e4453d983e7bb428f31659b18a3156df9e834a)
    #1 0x7fb1b6768b46  (/usr/lib/libfontconfig.so.1+0x3eb46) (BuildId: 62bc9b09e5c7a89697d47d567b302e14fb4c3338)

Indirect leak of 32 byte(s) in 1 object(s) allocated from:
    #0 0x5632a5471dfd  (/home/admin/Projects/rat/build/debug/rat+0x1cbdfd) (BuildId: 80e4453d983e7bb428f31659b18a3156df9e834a)
    #1 0x7fb1b6767ea6  (/usr/lib/libfontconfig.so.1+0x3dea6) (BuildId: 62bc9b09e5c7a89697d47d567b302e14fb4c3338)

Indirect leak of 11 byte(s) in 3 object(s) allocated from:
    #0 0x5632a546b062  (/home/admin/Projects/rat/build/debug/rat+0x1c5062) (BuildId: 80e4453d983e7bb428f31659b18a3156df9e834a)
    #1 0x7fb1b67655af  (/usr/lib/libfontconfig.so.1+0x3b5af) (BuildId: 62bc9b09e5c7a89697d47d567b302e14fb4c3338)
    #2 0x7fb1b675598c  (/usr/lib/libfontconfig.so.1+0x2b98c) (BuildId: 62bc9b09e5c7a89697d47d567b302e14fb4c3338)

Indirect leak of 7 byte(s) in 2 object(s) allocated from:
    #0 0x5632a546b062  (/home/admin/Projects/rat/build/debug/rat+0x1c5062) (BuildId: 80e4453d983e7bb428f31659b18a3156df9e834a)
    #1 0x7fb1b6768410  (/usr/lib/libfontconfig.so.1+0x3e410) (BuildId: 62bc9b09e5c7a89697d47d567b302e14fb4c3338)

SUMMARY: AddressSanitizer: 666599 byte(s) leaked in 15303 allocation(s).
